2017-12-30 23:19:34 [scrapy.utils.log] INFO: Scrapy 1.4.0 started (bot: Tencent)
2017-12-30 23:19:34 [scrapy.utils.log] INFO: Overridden settings: {'NEWSPIDER_MODULE': 'Tencent.spiders', 'LOG_LEVEL': 'INFO', 'CONCURRENT_REQUESTS': 320, 'SPIDER_MODULES': ['Tencent.spiders'], 'BOT_NAME': 'Tencent', 'USER_AGENT': 'Mozilla/5.0 (Windows NT 10.0; WOW64; Trident/7.0; rv:11.0) like Gecko', 'LOG_FILE': 'baidu.log'}
2017-12-30 23:19:34 [scrapy.middleware] INFO: Enabled extensions:
['scrapy.extensions.memusage.MemoryUsage',
 'scrapy.extensions.logstats.LogStats',
 'scrapy.extensions.telnet.TelnetConsole',
 'scrapy.extensions.corestats.CoreStats']
2017-12-30 23:19:34 [scrapy.middleware] INFO: Enabled downloader middlewares:
['scrapy.downloadermiddlewares.httpauth.HttpAuthMiddleware',
 'scrapy.downloadermiddlewares.downloadtimeout.DownloadTimeoutMiddleware',
 'scrapy.downloadermiddlewares.defaultheaders.DefaultHeadersMiddleware',
 'scrapy.downloadermiddlewares.useragent.UserAgentMiddleware',
 'scrapy.downloadermiddlewares.retry.RetryMiddleware',
 'scrapy.downloadermiddlewares.redirect.MetaRefreshMiddleware',
 'scrapy.downloadermiddlewares.httpcompression.HttpCompressionMiddleware',
 'scrapy.downloadermiddlewares.redirect.RedirectMiddleware',
 'Tencent.middlewares.UserAgentMiddleware',
 'scrapy.downloadermiddlewares.cookies.CookiesMiddleware',
 'scrapy.downloadermiddlewares.httpproxy.HttpProxyMiddleware',
 'scrapy.downloadermiddlewares.stats.DownloaderStats']
2017-12-30 23:19:34 [scrapy.middleware] INFO: Enabled spider middlewares:
['scrapy.spidermiddlewares.httperror.HttpErrorMiddleware',
 'scrapy.spidermiddlewares.offsite.OffsiteMiddleware',
 'scrapy.spidermiddlewares.referer.RefererMiddleware',
 'scrapy.spidermiddlewares.urllength.UrlLengthMiddleware',
 'scrapy.spidermiddlewares.depth.DepthMiddleware']
2017-12-30 23:19:34 [scrapy.middleware] INFO: Enabled item pipelines:
['Tencent.pipelines.TencentPipeline']
2017-12-30 23:19:34 [scrapy.core.engine] INFO: Spider opened
2017-12-30 23:19:34 [scrapy.extensions.logstats] INFO: Crawled 0 pages (at 0 pages/min), scraped 0 items (at 0 items/min)
2017-12-30 23:19:34 [scrapy.core.engine] INFO: Closing spider (finished)
2017-12-30 23:19:34 [scrapy.statscollectors] INFO: Dumping Scrapy stats:
{'downloader/request_bytes': 725,
 'downloader/request_count': 2,
 'downloader/request_method_count/GET': 2,
 'downloader/response_bytes': 32892,
 'downloader/response_count': 2,
 'downloader/response_status_count/200': 1,
 'downloader/response_status_count/302': 1,
 'finish_reason': 'finished',
 'finish_time': datetime.datetime(2017, 12, 30, 15, 19, 34, 399046),
 'log_count/INFO': 7,
 'memusage/max': 44871680,
 'memusage/startup': 44871680,
 'response_received_count': 1,
 'scheduler/dequeued': 2,
 'scheduler/dequeued/memory': 2,
 'scheduler/enqueued': 2,
 'scheduler/enqueued/memory': 2,
 'start_time': datetime.datetime(2017, 12, 30, 15, 19, 34, 141848)}
2017-12-30 23:19:34 [scrapy.core.engine] INFO: Spider closed (finished)
2017-12-30 23:25:00 [scrapy.utils.log] INFO: Scrapy 1.4.0 started (bot: Tencent)
2017-12-30 23:25:00 [scrapy.utils.log] INFO: Overridden settings: {'NEWSPIDER_MODULE': 'Tencent.spiders', 'LOG_LEVEL': 'INFO', 'CONCURRENT_REQUESTS': 320, 'SPIDER_MODULES': ['Tencent.spiders'], 'BOT_NAME': 'Tencent', 'USER_AGENT': 'Mozilla/5.0 (Windows NT 10.0; WOW64; Trident/7.0; rv:11.0) like Gecko', 'LOG_FILE': 'baidu.log'}
2017-12-30 23:25:00 [scrapy.middleware] INFO: Enabled extensions:
['scrapy.extensions.memusage.MemoryUsage',
 'scrapy.extensions.logstats.LogStats',
 'scrapy.extensions.telnet.TelnetConsole',
 'scrapy.extensions.corestats.CoreStats']
2017-12-30 23:25:00 [scrapy.middleware] INFO: Enabled downloader middlewares:
['scrapy.downloadermiddlewares.httpauth.HttpAuthMiddleware',
 'scrapy.downloadermiddlewares.downloadtimeout.DownloadTimeoutMiddleware',
 'scrapy.downloadermiddlewares.defaultheaders.DefaultHeadersMiddleware',
 'scrapy.downloadermiddlewares.useragent.UserAgentMiddleware',
 'scrapy.downloadermiddlewares.retry.RetryMiddleware',
 'scrapy.downloadermiddlewares.redirect.MetaRefreshMiddleware',
 'scrapy.downloadermiddlewares.httpcompression.HttpCompressionMiddleware',
 'scrapy.downloadermiddlewares.redirect.RedirectMiddleware',
 'Tencent.middlewares.UserAgentMiddleware',
 'scrapy.downloadermiddlewares.cookies.CookiesMiddleware',
 'scrapy.downloadermiddlewares.httpproxy.HttpProxyMiddleware',
 'scrapy.downloadermiddlewares.stats.DownloaderStats']
2017-12-30 23:25:00 [scrapy.middleware] INFO: Enabled spider middlewares:
['scrapy.spidermiddlewares.httperror.HttpErrorMiddleware',
 'scrapy.spidermiddlewares.offsite.OffsiteMiddleware',
 'scrapy.spidermiddlewares.referer.RefererMiddleware',
 'scrapy.spidermiddlewares.urllength.UrlLengthMiddleware',
 'scrapy.spidermiddlewares.depth.DepthMiddleware']
2017-12-30 23:25:00 [scrapy.middleware] INFO: Enabled item pipelines:
['Tencent.pipelines.TencentPipeline']
2017-12-30 23:25:00 [scrapy.core.engine] INFO: Spider opened
2017-12-30 23:25:00 [scrapy.extensions.logstats] INFO: Crawled 0 pages (at 0 pages/min), scraped 0 items (at 0 items/min)
2017-12-30 23:25:01 [root] INFO: hello world
2017-12-30 23:25:01 [root] WARNING: This is a Warning
2017-12-30 23:25:01 [root] ERROR: This is a Error
2017-12-30 23:25:01 [scrapy.core.engine] INFO: Closing spider (finished)
2017-12-30 23:25:01 [scrapy.statscollectors] INFO: Dumping Scrapy stats:
{'downloader/request_bytes': 706,
 'downloader/request_count': 2,
 'downloader/request_method_count/GET': 2,
 'downloader/response_bytes': 32982,
 'downloader/response_count': 2,
 'downloader/response_status_count/200': 1,
 'downloader/response_status_count/302': 1,
 'finish_reason': 'finished',
 'finish_time': datetime.datetime(2017, 12, 30, 15, 25, 1, 475051),
 'log_count/ERROR': 1,
 'log_count/INFO': 8,
 'log_count/WARNING': 1,
 'memusage/max': 45051904,
 'memusage/startup': 45051904,
 'response_received_count': 1,
 'scheduler/dequeued': 2,
 'scheduler/dequeued/memory': 2,
 'scheduler/enqueued': 2,
 'scheduler/enqueued/memory': 2,
 'start_time': datetime.datetime(2017, 12, 30, 15, 25, 0, 492411)}
2017-12-30 23:25:01 [scrapy.core.engine] INFO: Spider closed (finished)
2017-12-30 23:38:32 [scrapy.utils.log] INFO: Scrapy 1.4.0 started (bot: Tencent)
2017-12-30 23:38:32 [scrapy.utils.log] INFO: Overridden settings: {'NEWSPIDER_MODULE': 'Tencent.spiders', 'LOG_LEVEL': 'INFO', 'CONCURRENT_REQUESTS': 320, 'SPIDER_MODULES': ['Tencent.spiders'], 'BOT_NAME': 'Tencent', 'USER_AGENT': 'Mozilla/5.0 (Windows NT 10.0; WOW64; Trident/7.0; rv:11.0) like Gecko', 'LOG_FILE': 'baidu.log'}
2017-12-30 23:38:42 [scrapy.utils.log] INFO: Scrapy 1.4.0 started (bot: Tencent)
2017-12-30 23:38:42 [scrapy.utils.log] INFO: Overridden settings: {'NEWSPIDER_MODULE': 'Tencent.spiders', 'LOG_LEVEL': 'INFO', 'CONCURRENT_REQUESTS': 320, 'SPIDER_MODULES': ['Tencent.spiders'], 'BOT_NAME': 'Tencent', 'USER_AGENT': 'Mozilla/5.0 (Windows NT 10.0; WOW64; Trident/7.0; rv:11.0) like Gecko', 'LOG_FILE': 'baidu.log'}
2017-12-30 23:38:42 [scrapy.middleware] INFO: Enabled extensions:
['scrapy.extensions.memusage.MemoryUsage',
 'scrapy.extensions.logstats.LogStats',
 'scrapy.extensions.telnet.TelnetConsole',
 'scrapy.extensions.corestats.CoreStats']
2017-12-30 23:38:43 [scrapy.middleware] INFO: Enabled downloader middlewares:
['scrapy.downloadermiddlewares.httpauth.HttpAuthMiddleware',
 'scrapy.downloadermiddlewares.downloadtimeout.DownloadTimeoutMiddleware',
 'scrapy.downloadermiddlewares.defaultheaders.DefaultHeadersMiddleware',
 'scrapy.downloadermiddlewares.useragent.UserAgentMiddleware',
 'scrapy.downloadermiddlewares.retry.RetryMiddleware',
 'scrapy.downloadermiddlewares.redirect.MetaRefreshMiddleware',
 'scrapy.downloadermiddlewares.httpcompression.HttpCompressionMiddleware',
 'scrapy.downloadermiddlewares.redirect.RedirectMiddleware',
 'Tencent.middlewares.UserAgentMiddleware',
 'scrapy.downloadermiddlewares.cookies.CookiesMiddleware',
 'scrapy.downloadermiddlewares.httpproxy.HttpProxyMiddleware',
 'scrapy.downloadermiddlewares.stats.DownloaderStats']
2017-12-30 23:38:43 [scrapy.middleware] INFO: Enabled spider middlewares:
['scrapy.spidermiddlewares.httperror.HttpErrorMiddleware',
 'scrapy.spidermiddlewares.offsite.OffsiteMiddleware',
 'scrapy.spidermiddlewares.referer.RefererMiddleware',
 'scrapy.spidermiddlewares.urllength.UrlLengthMiddleware',
 'scrapy.spidermiddlewares.depth.DepthMiddleware']
2017-12-30 23:38:43 [scrapy.middleware] INFO: Enabled item pipelines:
['Tencent.pipelines.TencentPipeline']
2017-12-30 23:38:43 [scrapy.core.engine] INFO: Spider opened
2017-12-30 23:38:43 [scrapy.extensions.logstats] INFO: Crawled 0 pages (at 0 pages/min), scraped 0 items (at 0 items/min)
2017-12-30 23:38:43 [root] INFO: hello world
2017-12-30 23:38:43 [root] WARNING: This is a Warning
2017-12-30 23:38:43 [root] ERROR: This is a Error
2017-12-30 23:38:43 [scrapy.core.engine] INFO: Closing spider (finished)
2017-12-30 23:38:43 [scrapy.statscollectors] INFO: Dumping Scrapy stats:
{'downloader/request_bytes': 723,
 'downloader/request_count': 2,
 'downloader/request_method_count/GET': 2,
 'downloader/response_bytes': 33081,
 'downloader/response_count': 2,
 'downloader/response_status_count/200': 1,
 'downloader/response_status_count/302': 1,
 'finish_reason': 'finished',
 'finish_time': datetime.datetime(2017, 12, 30, 15, 38, 43, 994939),
 'log_count/ERROR': 1,
 'log_count/INFO': 8,
 'log_count/WARNING': 1,
 'memusage/max': 875356160,
 'memusage/startup': 875356160,
 'response_received_count': 1,
 'scheduler/dequeued': 2,
 'scheduler/dequeued/memory': 2,
 'scheduler/enqueued': 2,
 'scheduler/enqueued/memory': 2,
 'start_time': datetime.datetime(2017, 12, 30, 15, 38, 43, 149322)}
2017-12-30 23:38:43 [scrapy.core.engine] INFO: Spider closed (finished)
2017-12-30 23:39:18 [scrapy.utils.log] INFO: Scrapy 1.4.0 started (bot: Tencent)
2017-12-30 23:39:18 [scrapy.utils.log] INFO: Overridden settings: {'NEWSPIDER_MODULE': 'Tencent.spiders', 'LOG_LEVEL': 'INFO', 'CONCURRENT_REQUESTS': 320, 'SPIDER_MODULES': ['Tencent.spiders'], 'BOT_NAME': 'Tencent', 'USER_AGENT': 'Mozilla/5.0 (Windows NT 10.0; WOW64; Trident/7.0; rv:11.0) like Gecko', 'LOG_FILE': 'baidu.log'}
2017-12-30 23:39:18 [scrapy.middleware] INFO: Enabled extensions:
['scrapy.extensions.memusage.MemoryUsage',
 'scrapy.extensions.logstats.LogStats',
 'scrapy.extensions.telnet.TelnetConsole',
 'scrapy.extensions.corestats.CoreStats']
2017-12-30 23:39:18 [scrapy.middleware] INFO: Enabled downloader middlewares:
['scrapy.downloadermiddlewares.httpauth.HttpAuthMiddleware',
 'scrapy.downloadermiddlewares.downloadtimeout.DownloadTimeoutMiddleware',
 'scrapy.downloadermiddlewares.defaultheaders.DefaultHeadersMiddleware',
 'scrapy.downloadermiddlewares.useragent.UserAgentMiddleware',
 'scrapy.downloadermiddlewares.retry.RetryMiddleware',
 'scrapy.downloadermiddlewares.redirect.MetaRefreshMiddleware',
 'scrapy.downloadermiddlewares.httpcompression.HttpCompressionMiddleware',
 'scrapy.downloadermiddlewares.redirect.RedirectMiddleware',
 'Tencent.middlewares.UserAgentMiddleware',
 'scrapy.downloadermiddlewares.cookies.CookiesMiddleware',
 'scrapy.downloadermiddlewares.httpproxy.HttpProxyMiddleware',
 'scrapy.downloadermiddlewares.stats.DownloaderStats']
2017-12-30 23:39:18 [scrapy.middleware] INFO: Enabled spider middlewares:
['scrapy.spidermiddlewares.httperror.HttpErrorMiddleware',
 'scrapy.spidermiddlewares.offsite.OffsiteMiddleware',
 'scrapy.spidermiddlewares.referer.RefererMiddleware',
 'scrapy.spidermiddlewares.urllength.UrlLengthMiddleware',
 'scrapy.spidermiddlewares.depth.DepthMiddleware']
2017-12-30 23:39:18 [scrapy.middleware] INFO: Enabled item pipelines:
['Tencent.pipelines.TencentPipeline']
2017-12-30 23:39:18 [scrapy.core.engine] INFO: Spider opened
2017-12-30 23:39:18 [scrapy.extensions.logstats] INFO: Crawled 0 pages (at 0 pages/min), scraped 0 items (at 0 items/min)
2017-12-30 23:39:18 [root] INFO: hello world
2017-12-30 23:39:18 [root] WARNING: This is a Warning
2017-12-30 23:39:18 [root] ERROR: This is a Error
2017-12-30 23:39:18 [scrapy.core.engine] INFO: Closing spider (finished)
2017-12-30 23:39:18 [scrapy.statscollectors] INFO: Dumping Scrapy stats:
{'downloader/request_bytes': 719,
 'downloader/request_count': 2,
 'downloader/request_method_count/GET': 2,
 'downloader/response_bytes': 32986,
 'downloader/response_count': 2,
 'downloader/response_status_count/200': 1,
 'downloader/response_status_count/302': 1,
 'finish_reason': 'finished',
 'finish_time': datetime.datetime(2017, 12, 30, 15, 39, 18, 929877),
 'log_count/ERROR': 1,
 'log_count/INFO': 8,
 'log_count/WARNING': 1,
 'memusage/max': 875356160,
 'memusage/startup': 875356160,
 'response_received_count': 1,
 'scheduler/dequeued': 2,
 'scheduler/dequeued/memory': 2,
 'scheduler/enqueued': 2,
 'scheduler/enqueued/memory': 2,
 'start_time': datetime.datetime(2017, 12, 30, 15, 39, 18, 655839)}
2017-12-30 23:39:18 [scrapy.core.engine] INFO: Spider closed (finished)
2017-12-30 23:39:45 [scrapy.utils.log] INFO: Scrapy 1.4.0 started (bot: Tencent)
2017-12-30 23:39:45 [scrapy.utils.log] INFO: Overridden settings: {'NEWSPIDER_MODULE': 'Tencent.spiders', 'LOG_LEVEL': 'INFO', 'CONCURRENT_REQUESTS': 320, 'SPIDER_MODULES': ['Tencent.spiders'], 'BOT_NAME': 'Tencent', 'USER_AGENT': 'Mozilla/5.0 (Windows NT 10.0; WOW64; Trident/7.0; rv:11.0) like Gecko', 'LOG_FILE': 'baidu.log'}
2017-12-30 23:39:45 [scrapy.middleware] INFO: Enabled extensions:
['scrapy.extensions.memusage.MemoryUsage',
 'scrapy.extensions.logstats.LogStats',
 'scrapy.extensions.telnet.TelnetConsole',
 'scrapy.extensions.corestats.CoreStats']
2017-12-30 23:39:45 [scrapy.middleware] INFO: Enabled downloader middlewares:
['scrapy.downloadermiddlewares.httpauth.HttpAuthMiddleware',
 'scrapy.downloadermiddlewares.downloadtimeout.DownloadTimeoutMiddleware',
 'scrapy.downloadermiddlewares.defaultheaders.DefaultHeadersMiddleware',
 'scrapy.downloadermiddlewares.useragent.UserAgentMiddleware',
 'scrapy.downloadermiddlewares.retry.RetryMiddleware',
 'scrapy.downloadermiddlewares.redirect.MetaRefreshMiddleware',
 'scrapy.downloadermiddlewares.httpcompression.HttpCompressionMiddleware',
 'scrapy.downloadermiddlewares.redirect.RedirectMiddleware',
 'Tencent.middlewares.UserAgentMiddleware',
 'scrapy.downloadermiddlewares.cookies.CookiesMiddleware',
 'scrapy.downloadermiddlewares.httpproxy.HttpProxyMiddleware',
 'scrapy.downloadermiddlewares.stats.DownloaderStats']
2017-12-30 23:39:45 [scrapy.middleware] INFO: Enabled spider middlewares:
['scrapy.spidermiddlewares.httperror.HttpErrorMiddleware',
 'scrapy.spidermiddlewares.offsite.OffsiteMiddleware',
 'scrapy.spidermiddlewares.referer.RefererMiddleware',
 'scrapy.spidermiddlewares.urllength.UrlLengthMiddleware',
 'scrapy.spidermiddlewares.depth.DepthMiddleware']
2017-12-30 23:39:45 [scrapy.middleware] INFO: Enabled item pipelines:
['Tencent.pipelines.TencentPipeline']
2017-12-30 23:39:45 [scrapy.core.engine] INFO: Spider opened
2017-12-30 23:39:45 [scrapy.extensions.logstats] INFO: Crawled 0 pages (at 0 pages/min), scraped 0 items (at 0 items/min)
2017-12-30 23:39:46 [root] INFO: hello world
2017-12-30 23:39:46 [root] WARNING: This is a Warning
2017-12-30 23:39:46 [root] ERROR: This is a Error
2017-12-30 23:39:46 [scrapy.core.engine] INFO: Closing spider (finished)
2017-12-30 23:39:46 [scrapy.statscollectors] INFO: Dumping Scrapy stats:
{'downloader/request_bytes': 729,
 'downloader/request_count': 2,
 'downloader/request_method_count/GET': 2,
 'downloader/response_bytes': 33040,
 'downloader/response_count': 2,
 'downloader/response_status_count/200': 1,
 'downloader/response_status_count/302': 1,
 'finish_reason': 'finished',
 'finish_time': datetime.datetime(2017, 12, 30, 15, 39, 46, 610316),
 'log_count/ERROR': 1,
 'log_count/INFO': 8,
 'log_count/WARNING': 1,
 'memusage/max': 875356160,
 'memusage/startup': 875356160,
 'response_received_count': 1,
 'scheduler/dequeued': 2,
 'scheduler/dequeued/memory': 2,
 'scheduler/enqueued': 2,
 'scheduler/enqueued/memory': 2,
 'start_time': datetime.datetime(2017, 12, 30, 15, 39, 45, 840068)}
2017-12-30 23:39:46 [scrapy.core.engine] INFO: Spider closed (finished)
2017-12-30 23:41:52 [scrapy.utils.log] INFO: Scrapy 1.4.0 started (bot: Tencent)
2017-12-30 23:41:52 [scrapy.utils.log] INFO: Overridden settings: {'NEWSPIDER_MODULE': 'Tencent.spiders', 'BOT_NAME': 'Tencent', 'LOG_LEVEL': 'INFO', 'CONCURRENT_REQUESTS': 320, 'SPIDER_MODULES': ['Tencent.spiders'], 'LOG_ENABLED': False, 'USER_AGENT': 'Mozilla/5.0 (Windows NT 10.0; WOW64; Trident/7.0; rv:11.0) like Gecko', 'LOG_FILE': 'baidu.log'}
